AndroidStudioVersion/EnergyLens/app/manifest-merger-release-report.txt
-- Merging decision tree log ---
manifest
ADDED from AndroidManifest.xml:2:1
	xmlns:android
		ADDED from AndroidManifest.xml:2:11
	package
		ADDED from AndroidManifest.xml:3:5
		INJECTED from AndroidManifest.xml:0:0
		INJECTED from AndroidManifest.xml:0:0
	android:versionName
		ADDED from AndroidManifest.xml:5:5
	android:versionCode
		ADDED from AndroidManifest.xml:4:5
		INJECTED from AndroidManifest.xml:0:0
		INJECTED from AndroidManifest.xml:0:0
uses-sdk
ADDED from AndroidManifest.xml:7:5
MERGED from com.google.android.gms:play-services:6.5.87:18:5
	android:targetSdkVersion
		ADDED from AndroidManifest.xml:9:9
		INJECTED from AndroidManifest.xml:0:0
		INJECTED from AndroidManifest.xml:0:0
	android:minSdkVersion
		ADDED from AndroidManifest.xml:8:9
		INJECTED from AndroidManifest.xml:0:0
		INJECTED from AndroidManifest.xml:0:0
supports-screens
ADDED from AndroidManifest.xml:11:5
	android:resizeable
		ADDED from AndroidManifest.xml:15:9
	android:largeScreens
		ADDED from AndroidManifest.xml:13:9
	android:anyDensity
		ADDED from AndroidManifest.xml:12:9
	android:normalScreens
		ADDED from AndroidManifest.xml:14:9
	android:smallScreens
		ADDED from AndroidManifest.xml:16:9
uses-permission#android.permission.WRITE_EXTERNAL_STORAGE
ADDED from AndroidManifest.xml:19:5
	android:name
		ADDED from AndroidManifest.xml:19:22
uses-permission#android.permission.GET_TASKS
ADDED from AndroidManifest.xml:20:5
	android:name
		ADDED from AndroidManifest.xml:20:22
uses-permission#android.permission.ACCESS_WIFI_STATE
ADDED from AndroidManifest.xml:21:5
	android:name
		ADDED from AndroidManifest.xml:21:22
uses-permission#android.permission.CHANGE_WIFI_STATE
ADDED from AndroidManifest.xml:22:5
	android:name
		ADDED from AndroidManifest.xml:22:22
uses-permission#android.permission.INTERNET
ADDED from AndroidManifest.xml:23:5
	android:name
		ADDED from AndroidManifest.xml:23:22
uses-permission#android.permission.ACCESS_NETWORK_STATE
ADDED from AndroidManifest.xml:24:5
	android:name
		ADDED from AndroidManifest.xml:24:22
uses-permission#android.permission.RECORD_AUDIO
ADDED from AndroidManifest.xml:26:5
	android:name
		ADDED from AndroidManifest.xml:26:22
uses-permission#android.permission.RECEIVE_BOOT_COMPLETED
ADDED from AndroidManifest.xml:27:5
	android:name
		ADDED from AndroidManifest.xml:27:22
uses-permission#com.google.android.c2dm.permission.RECEIVE
ADDED from AndroidManifest.xml:29:5
	android:name
		ADDED from AndroidManifest.xml:29:22
uses-permission#android.permission.WAKE_LOCK
ADDED from AndroidManifest.xml:30:5
	android:name
		ADDED from AndroidManifest.xml:30:22
uses-permission#android.permission.READ_PHONE_STATE
ADDED from AndroidManifest.xml:31:5
	android:name
		ADDED from AndroidManifest.xml:31:22
uses-permission#com.android.launcher.permission.INSTALL_SHORTCUT
ADDED from AndroidManifest.xml:32:5
	android:name
		ADDED from AndroidManifest.xml:32:22
uses-permission#com.android.launcher.permission.UNINSTALL_SHORTCUT
ADDED from AndroidManifest.xml:33:5
	android:name
		ADDED from AndroidManifest.xml:33:22
uses-permission#android.permission.VIBRATE
ADDED from AndroidManifest.xml:34:5
	android:name
		ADDED from AndroidManifest.xml:34:22
permission#com.example.gcm.permission.C2D_MESSAGE
ADDED from AndroidManifest.xml:36:5
	android:protectionLevel
		ADDED from AndroidManifest.xml:38:9
	android:name
		ADDED from AndroidManifest.xml:37:9
uses-permission#com.example.gcm.permission.C2D_MESSAGE
ADDED from AndroidManifest.xml:40:5
	android:name
		ADDED from AndroidManifest.xml:40:22
application
ADDED from AndroidManifest.xml:42:5
MERGED from com.google.android.gms:play-services:6.5.87:20:5
	android:label
		ADDED from AndroidManifest.xml:45:9
	android:allowBackup
		ADDED from AndroidManifest.xml:43:9
	android:icon
		ADDED from AndroidManifest.xml:44:9
	android:theme
		ADDED from AndroidManifest.xml:47:9
	android:largeHeap
		ADDED from AndroidManifest.xml:46:9
activity#com.iiitd.muc.energylens.RegisterActivity
ADDED from AndroidManifest.xml:48:9
	android:label
		ADDED from AndroidManifest.xml:50:13
	android:name
		ADDED from AndroidManifest.xml:49:13
activity#com.iiitd.muc.energylens.CollectionTabActivity
ADDED from AndroidManifest.xml:52:9
	android:screenOrientation
		ADDED from AndroidManifest.xml:55:13
	android:label
		ADDED from AndroidManifest.xml:54:13
	android:name
		ADDED from AndroidManifest.xml:53:13
service#com.iiitd.muc.energylens.AxlService
ADDED from AndroidManifest.xml:58:9
	android:enabled
		ADDED from AndroidManifest.xml:60:13
	android:name
		ADDED from AndroidManifest.xml:59:13
service#com.iiitd.muc.energylens.WiFiService
ADDED from AndroidManifest.xml:61:9
	android:enabled
		ADDED from AndroidManifest.xml:63:13
	android:name
		ADDED from AndroidManifest.xml:62:13
service#com.iiitd.muc.energylens.AudioService
ADDED from AndroidManifest.xml:64:9
	android:enabled
		ADDED from AndroidManifest.xml:66:13
	android:name
		ADDED from AndroidManifest.xml:65:13
service#com.iiitd.muc.energylens.LightService
ADDED from AndroidManifest.xml:67:9
	android:enabled
		ADDED from AndroidManifest.xml:69:13
	android:name
		ADDED from AndroidManifest.xml:68:13
service#com.iiitd.muc.energylens.MagService
ADDED from AndroidManifest.xml:70:9
	android:enabled
		ADDED from AndroidManifest.xml:72:13
	android:name
		ADDED from AndroidManifest.xml:71:13
service#com.iiitd.muc.energylens.UploaderService
ADDED from AndroidManifest.xml:73:9
	android:enabled
		ADDED from AndroidManifest.xml:75:13
	android:name
		ADDED from AndroidManifest.xml:74:13
meta-data#com.crashlytics.ApiKey
ADDED from AndroidManifest.xml:77:9
	android:name
		ADDED from AndroidManifest.xml:78:13
	android:value
		ADDED from AndroidManifest.xml:79:13
meta-data#com.google.android.gms.version
ADDED from AndroidManifest.xml:80:9
MERGED from com.google.android.gms:play-services:6.5.87:21:9
	android:name
		ADDED from AndroidManifest.xml:81:13
	android:value
		ADDED from AndroidManifest.xml:82:13
activity#com.iiitd.muc.energylens.TrainActivity
ADDED from AndroidManifest.xml:84:9
	android:screenOrientation
		ADDED from AndroidManifest.xml:88:13
	android:label
		ADDED from AndroidManifest.xml:86:13
	android:parentActivityName
		ADDED from AndroidManifest.xml:87:13
	android:name
		ADDED from AndroidManifest.xml:85:13
meta-data#android.support.PARENT_ACTIVITY
ADDED from AndroidManifest.xml:91:13
	android:name
		ADDED from AndroidManifest.xml:92:17
	android:value
		ADDED from AndroidManifest.xml:93:17
activity#com.iiitd.muc.energylens.SettingsActivity
ADDED from AndroidManifest.xml:95:9
	android:label
		ADDED from AndroidManifest.xml:97:13
	android:name
		ADDED from AndroidManifest.xml:96:13
activity#com.iiitd.muc.energylens.ReassignActivity
ADDED from AndroidManifest.xml:99:9
	android:label
		ADDED from AndroidManifest.xml:101:13
	android:name
		ADDED from AndroidManifest.xml:100:13
receiver#com.iiitd.muc.energylens.ToggleServiceReceiver
ADDED from AndroidManifest.xml:104:9
	android:name
		ADDED from AndroidManifest.xml:104:19
intent-filter#EnergyLensPlus.toggleService
ADDED from AndroidManifest.xml:105:13
action#EnergyLensPlus.toggleService
ADDED from AndroidManifest.xml:106:17
	android:name
		ADDED from AndroidManifest.xml:106:25
receiver#com.iiitd.muc.energylens.UpdateAlarmReceiver
ADDED from AndroidManifest.xml:109:9
	android:name
		ADDED from AndroidManifest.xml:109:19
intent-filter#EnergyLensPlus.updateAlarm
ADDED from AndroidManifest.xml:110:13
action#EnergyLensPlus.updateAlarm
ADDED from AndroidManifest.xml:111:17
	android:name
		ADDED from AndroidManifest.xml:111:25
receiver#com.iiitd.muc.energylens.BootupReceiver
ADDED from AndroidManifest.xml:114:9
	android:name
		ADDED from AndroidManifest.xml:114:19
intent-filter#android.intent.action.BOOT_COMPLETED
ADDED from AndroidManifest.xml:115:13
action#android.intent.action.BOOT_COMPLETED
ADDED from AndroidManifest.xml:116:17
	android:name
		ADDED from AndroidManifest.xml:116:25
receiver#com.iiitd.muc.energylens.WiFiService$WifiReceiver
ADDED from AndroidManifest.xml:119:9
	android:name
		ADDED from AndroidManifest.xml:119:19
intent-filter#android.net.wifi.WIFI_STATE_CHANGED+android.net.wifi.WifiManager.SCAN_RESULTS_AVAILABLE_ACTION
ADDED from AndroidManifest.xml:120:13
action#android.net.wifi.WIFI_STATE_CHANGED
ADDED from AndroidManifest.xml:121:17
	android:name
		ADDED from AndroidManifest.xml:121:25
action#android.net.wifi.WifiManager.SCAN_RESULTS_AVAILABLE_ACTION
ADDED from AndroidManifest.xml:122:17
	android:name
		ADDED from AndroidManifest.xml:122:25
receiver#com.iiitd.muc.energylens.GcmBroadcastReceiver
ADDED from AndroidManifest.xml:125:9
	android:exported
		ADDED from AndroidManifest.xml:127:13
	android:permission
		ADDED from AndroidManifest.xml:128:13
	android:name
		ADDED from AndroidManifest.xml:126:13
intent-filter#com.example.gcm+com.google.android.c2dm.intent.RECEIVE
ADDED from AndroidManifest.xml:129:13
action#com.google.android.c2dm.intent.RECEIVE
ADDED from AndroidManifest.xml:130:17
	android:name
		ADDED from AndroidManifest.xml:130:25
category#com.example.gcm
ADDED from AndroidManifest.xml:132:17
	android:name
		ADDED from AndroidManifest.xml:132:27
service#com.iiitd.muc.energylens.GcmIntentService
ADDED from AndroidManifest.xml:136:9
	android:name
		ADDED from AndroidManifest.xml:136:18
activity#com.iiitd.muc.energylens.GCMActivity
ADDED from AndroidManifest.xml:138:9
	android:screenOrientation
		ADDED from AndroidManifest.xml:141:13
	android:label
		ADDED from AndroidManifest.xml:140:13
	android:name
		ADDED from AndroidManifest.xml:139:13
intent-filter#android.intent.action.MAIN+android.intent.category.LAUNCHER
ADDED from AndroidManifest.xml:142:13
action#android.intent.action.MAIN
ADDED from AndroidManifest.xml:143:17
	android:name
		ADDED from AndroidManifest.xml:143:25
category#android.intent.category.LAUNCHER
ADDED from AndroidManifest.xml:145:17
	android:name
		ADDED from AndroidManifest.xml:145:27
activity#com.iiitd.muc.energylens.TimeSelectActivity
ADDED from AndroidManifest.xml:148:9
	android:label
		ADDED from AndroidManifest.xml:150:13
	android:parentActivityName
		ADDED from AndroidManifest.xml:151:13
	android:name
		ADDED from AndroidManifest.xml:149:13
activity#com.iiitd.muc.energylens.DisaggregationActivity
ADDED from AndroidManifest.xml:156:9
	android:label
		ADDED from AndroidManifest.xml:158:13
	android:parentActivityName
		ADDED from AndroidManifest.xml:159:13
	android:name
		ADDED from AndroidManifest.xml:157:13
activity#com.iiitd.muc.energylens.GroundReportActivity
ADDED from AndroidManifest.xml:164:9
	android:screenOrientation
		ADDED from AndroidManifest.xml:168:13
	android:label
		ADDED from AndroidManifest.xml:166:13
	android:parentActivityName
		ADDED from AndroidManifest.xml:167:13
	android:name
		ADDED from AndroidManifest.xml:165:13
activity#com.iiitd.muc.energylens.GroundReportListActivity
ADDED from AndroidManifest.xml:173:9
	android:screenOrientation
		ADDED from AndroidManifest.xml:177:13
	android:label
		ADDED from AndroidManifest.xml:175:13
	android:parentActivityName
		ADDED from AndroidManifest.xml:176:13
	android:name
		ADDED from AndroidManifest.xml:174:13
activity#com.iiitd.muc.energylens.SocketActivity
ADDED from AndroidManifest.xml:182:9
	android:label
		ADDED from AndroidManifest.xml:184:13
	android:parentActivityName
		ADDED from AndroidManifest.xml:185:13
	android:name
		ADDED from AndroidManifest.xml:183:13
activity#com.iiitd.muc.energylens.AboutActivity
ADDED from AndroidManifest.xml:190:9
	android:label
		ADDED from AndroidManifest.xml:192:13
	android:parentActivityName
		ADDED from AndroidManifest.xml:193:13
	android:name
		ADDED from AndroidManifest.xml:191:13